<?xml version="1.0" encoding="UTF-8"?>
<testsuite name="com.mindex.challenge.service.impl.ReportingStructureServiceImplTest" tests="2" skipped="0" failures="0" errors="0" timestamp="2022-02-09T06:41:56" hostname="Sais-MacBook-Air.local" time="0.507">
  <properties/>
  <testcase name="numberOfReportsTest" classname="com.mindex.challenge.service.impl.ReportingStructureServiceImplTest" time="0.477"/>
  <testcase name="numberOfReportsExceptionTest" classname="com.mindex.challenge.service.impl.ReportingStructureServiceImplTest" time="0.014"/>
  <system-out><![CDATA[2022-02-09 01:41:53.971  INFO 8127 --- [    Test worker] .b.t.c.SpringBootTestContextBootstrapper : Neither @ContextConfiguration nor @ContextHierarchy found for test class [com.mindex.challenge.service.impl.ReportingStructureServiceImplTest], using SpringBootContextLoader
2022-02-09 01:41:53.977  INFO 8127 --- [    Test worker] o.s.t.c.support.AbstractContextLoader    : Could not detect default resource locations for test class [com.mindex.challenge.service.impl.ReportingStructureServiceImplTest]: no resource found for suffixes {-context.xml, Context.groovy}.
2022-02-09 01:41:53.978  INFO 8127 --- [    Test worker] t.c.s.AnnotationConfigContextLoaderUtils : Could not detect default configuration classes for test class [com.mindex.challenge.service.impl.ReportingStructureServiceImplTest]: ReportingStructureServiceImplTest does not declare any static, non-private, non-final, nested classes annotated with @Configuration.
2022-02-09 01:41:54.013  INFO 8127 --- [    Test worker] .b.t.c.SpringBootTestContextBootstrapper : Found @SpringBootConfiguration com.mindex.challenge.ChallengeApplication for test class com.mindex.challenge.service.impl.ReportingStructureServiceImplTest
2022-02-09 01:41:54.019  INFO 8127 --- [    Test worker] .b.t.c.SpringBootTestContextBootstrapper : Loaded default TestExecutionListener class names from location [META-INF/spring.factories]: [org.springframework.boot.test.autoconfigure.restdocs.RestDocsTestExecutionListener, org.springframework.boot.test.autoconfigure.web.client.MockRestServiceServerResetTestExecutionListener, org.springframework.boot.test.autoconfigure.web.servlet.MockMvcPrintOnlyOnFailureTestExecutionListener, org.springframework.boot.test.autoconfigure.web.servlet.WebDriverTestExecutionListener, org.springframework.boot.test.mock.mockito.MockitoTestExecutionListener, org.springframework.boot.test.mock.mockito.ResetMocksTestExecutionListener, org.springframework.test.context.web.ServletTestExecutionListener, org.springframework.test.context.support.DirtiesContextBeforeModesTestExecutionListener, org.springframework.test.context.support.DependencyInjectionTestExecutionListener, org.springframework.test.context.support.DirtiesContextTestExecutionListener, org.springframework.test.context.transaction.TransactionalTestExecutionListener, org.springframework.test.context.jdbc.SqlScriptsTestExecutionListener, org.springframework.test.context.event.EventPublishingTestExecutionListener]
2022-02-09 01:41:54.021  INFO 8127 --- [    Test worker] .b.t.c.SpringBootTestContextBootstrapper : Using TestExecutionListeners: [org.springframework.test.context.web.ServletTestExecutionListener@67a7aab1, org.springframework.test.context.support.DirtiesContextBeforeModesTestExecutionListener@41ff1e05, org.springframework.boot.test.mock.mockito.MockitoTestExecutionListener@60b62025, org.springframework.boot.test.autoconfigure.SpringBootDependencyInjectionTestExecutionListener@117f796e, org.springframework.test.context.support.DirtiesContextTestExecutionListener@4b57bbd2, org.springframework.test.context.transaction.TransactionalTestExecutionListener@72618b8b, org.springframework.test.context.jdbc.SqlScriptsTestExecutionListener@23873aea, org.springframework.test.context.event.EventPublishingTestExecutionListener@495983fd, org.springframework.boot.test.autoconfigure.restdocs.RestDocsTestExecutionListener@3f26282f, org.springframework.boot.test.autoconfigure.web.client.MockRestServiceServerResetTestExecutionListener@4165d193, org.springframework.boot.test.autoconfigure.web.servlet.MockMvcPrintOnlyOnFailureTestExecutionListener@5b2ff33f, org.springframework.boot.test.autoconfigure.web.servlet.WebDriverTestExecutionListener@5eecc5cc, org.springframework.boot.test.mock.mockito.ResetMocksTestExecutionListener@5005f96e]

  .   ____          _            __ _ _
 /\\ / ___'_ __ _ _(_)_ __  __ _ \ \ \ \
( ( )\___ | '_ | '_| | '_ \/ _` | \ \ \ \
 \\/  ___)| |_)| | | | | || (_| |  ) ) ) )
  '  |____| .__|_| |_|_| |_\__, | / / / /
 =========|_|==============|___/=/_/_/_/
 :: Spring Boot ::        (v2.2.0.RELEASE)

2022-02-09 01:41:54.074  INFO 8127 --- [    Test worker] .c.s.i.ReportingStructureServiceImplTest : Starting ReportingStructureServiceImplTest on Sais-MacBook-Air.local with PID 8127 (started by saipreethamreddyleburu in /Users/saipreethamreddyleburu/Downloads/mindex-java-code-challenge_sai)
2022-02-09 01:41:54.075 DEBUG 8127 --- [    Test worker] .c.s.i.ReportingStructureServiceImplTest : Running with Spring Boot v2.2.0.RELEASE, Spring v5.2.0.RELEASE
2022-02-09 01:41:54.078  INFO 8127 --- [    Test worker] .c.s.i.ReportingStructureServiceImplTest : No active profile set, falling back to default profiles: default
2022-02-09 01:41:54.390  INFO 8127 --- [    Test worker] .s.d.r.c.RepositoryConfigurationDelegate : Bootstrapping Spring Data repositories in DEFAULT mode.
2022-02-09 01:41:54.427  INFO 8127 --- [    Test worker] .s.d.r.c.RepositoryConfigurationDelegate : Finished Spring Data repository scanning in 36ms. Found 2 repository interfaces.
2022-02-09 01:41:54.865  INFO 8127 --- [    Test worker] o.s.b.w.embedded.tomcat.TomcatWebServer  : Tomcat initialized with port(s): 0 (http)
2022-02-09 01:41:54.877  INFO 8127 --- [    Test worker] o.apache.catalina.core.StandardService   : Starting service [Tomcat]
2022-02-09 01:41:54.878  INFO 8127 --- [    Test worker] org.apache.catalina.core.StandardEngine  : Starting Servlet engine: [Apache Tomcat/9.0.27]
2022-02-09 01:41:55.081  INFO 8127 --- [    Test worker] o.a.c.c.C.[Tomcat].[localhost].[/]       : Initializing Spring embedded WebApplicationContext
2022-02-09 01:41:55.084  INFO 8127 --- [    Test worker] o.s.web.context.ContextLoader            : Root WebApplicationContext: initialization completed in 982 ms
2022-02-09 01:41:55.449  INFO 8127 --- [    Test worker] de.bwaldvogel.mongo.MongoServer          : started MongoServer(port: 55637, ssl: false)
2022-02-09 01:41:55.457  INFO 8127 --- [    Test worker] org.mongodb.driver.cluster               : Cluster created with settings {hosts=[127.0.0.1:55637], mode=SINGLE, requiredClusterType=UNKNOWN, serverSelectionTimeout='30000 ms', maxWaitQueueSize=500}
2022-02-09 01:41:55.465  INFO 8127 --- [-server-worker1] d.b.mongo.wire.MongoWireProtocolHandler  : client [id: 0xecbc4cbc, L:/127.0.0.1:55637 - R:/127.0.0.1:55638] connected
2022-02-09 01:41:55.481  INFO 8127 --- [127.0.0.1:55637] org.mongodb.driver.connection            : Opened connection [connectionId{localValue:3}] to 127.0.0.1:55637
2022-02-09 01:41:55.484  INFO 8127 --- [127.0.0.1:55637] org.mongodb.driver.cluster               : Monitor thread successfully connected to server with description ServerDescription{address=127.0.0.1:55637, type=STANDALONE, state=CONNECTED, ok=true, version=ServerVersion{versionList=[3, 0, 0]}, minWireVersion=0, maxWireVersion=2, maxDocumentSize=16777216, logicalSessionTimeoutMinutes=null, roundTripTimeNanos=1682583}
2022-02-09 01:41:55.489  WARN 8127 --- [    Test worker] o.s.data.convert.CustomConversions       : Registering converter from class java.time.LocalDateTime to class java.time.Instant as reading converter although it doesn't convert from a store-supported type! You might wanna check you annotation setup at the converter implementation.
2022-02-09 01:41:55.491  WARN 8127 --- [    Test worker] o.s.data.convert.CustomConversions       : Registering converter from class java.time.Instant to class java.time.LocalDateTime as reading converter although it doesn't convert from a store-supported type! You might wanna check you annotation setup at the converter implementation.
2022-02-09 01:41:55.494  WARN 8127 --- [    Test worker] o.s.data.convert.CustomConversions       : Registering converter from class java.time.LocalDateTime to class java.time.Instant as reading converter although it doesn't convert from a store-supported type! You might wanna check you annotation setup at the converter implementation.
2022-02-09 01:41:55.494  WARN 8127 --- [    Test worker] o.s.data.convert.CustomConversions       : Registering converter from class java.time.Instant to class java.time.LocalDateTime as reading converter although it doesn't convert from a store-supported type! You might wanna check you annotation setup at the converter implementation.
2022-02-09 01:41:55.631  INFO 8127 --- [-server-worker2] d.b.mongo.wire.MongoWireProtocolHandler  : client [id: 0x22c400a5, L:/127.0.0.1:55637 - R:/127.0.0.1:55639] connected
2022-02-09 01:41:55.645  INFO 8127 --- [    Test worker] org.mongodb.driver.connection            : Opened connection [connectionId{localValue:4}] to 127.0.0.1:55637
2022-02-09 01:41:55.646  INFO 8127 --- [-server-worker2] d.b.mongo.backend.AbstractMongoBackend   : created database test
2022-02-09 01:41:55.647  INFO 8127 --- [-server-worker2] d.b.mongo.backend.AbstractMongoDatabase  : adding unique _id index for collection employee
2022-02-09 01:41:55.647  INFO 8127 --- [-server-worker2] d.b.mongo.backend.AbstractMongoDatabase  : created collection test.employee
2022-02-09 01:41:55.927  INFO 8127 --- [    Test worker] o.s.s.concurrent.ThreadPoolTaskExecutor  : Initializing ExecutorService 'applicationTaskExecutor'
2022-02-09 01:41:56.060  WARN 8127 --- [    Test worker] o.s.data.convert.CustomConversions       : Registering converter from class java.time.LocalDateTime to class java.time.Instant as reading converter although it doesn't convert from a store-supported type! You might wanna check you annotation setup at the converter implementation.
2022-02-09 01:41:56.062  WARN 8127 --- [    Test worker] o.s.data.convert.CustomConversions       : Registering converter from class java.time.Instant to class java.time.LocalDateTime as reading converter although it doesn't convert from a store-supported type! You might wanna check you annotation setup at the converter implementation.
2022-02-09 01:41:56.087  WARN 8127 --- [    Test worker] o.s.data.convert.CustomConversions       : Registering converter from class java.time.LocalDateTime to class java.time.Instant as reading converter although it doesn't convert from a store-supported type! You might wanna check you annotation setup at the converter implementation.
2022-02-09 01:41:56.087  WARN 8127 --- [    Test worker] o.s.data.convert.CustomConversions       : Registering converter from class java.time.Instant to class java.time.LocalDateTime as reading converter although it doesn't convert from a store-supported type! You might wanna check you annotation setup at the converter implementation.
2022-02-09 01:41:56.184  INFO 8127 --- [    Test worker] o.s.b.w.embedded.tomcat.TomcatWebServer  : Tomcat started on port(s): 55640 (http) with context path ''
2022-02-09 01:41:56.189  INFO 8127 --- [    Test worker] .c.s.i.ReportingStructureServiceImplTest : Started ReportingStructureServiceImplTest in 2.163 seconds (JVM running for 9.153)
2022-02-09 01:41:56.361  INFO 8127 --- [o-auto-1-exec-1] o.a.c.c.C.[Tomcat].[localhost].[/]       : Initializing Spring DispatcherServlet 'dispatcherServlet'
2022-02-09 01:41:56.362  INFO 8127 --- [o-auto-1-exec-1] o.s.web.servlet.DispatcherServlet        : Initializing Servlet 'dispatcherServlet'
2022-02-09 01:41:56.431  INFO 8127 --- [o-auto-1-exec-1] o.s.web.servlet.DispatcherServlet        : Completed initialization in 69 ms
2022-02-09 01:41:56.501 DEBUG 8127 --- [o-auto-1-exec-1] c.m.c.controller.EmployeeController      : Received employee create request for [com.mindex.challenge.data.Employee@6818a280]
2022-02-09 01:41:56.503 DEBUG 8127 --- [o-auto-1-exec-1] c.m.c.service.impl.EmployeeServiceImpl   : Creating employee [com.mindex.challenge.data.Employee@6818a280]
2022-02-09 01:41:56.635 DEBUG 8127 --- [o-auto-1-exec-2] c.m.c.c.ReportingStructureController     : get no.of reports request for id [f3e8044e-9e39-4382-8f1f-ddec0768e967]
2022-02-09 01:41:56.638 DEBUG 8127 --- [o-auto-1-exec-2] c.m.c.s.i.ReportingStructureServiceImpl  : no.of reports with id [f3e8044e-9e39-4382-8f1f-ddec0768e967]
2022-02-09 01:41:56.639 DEBUG 8127 --- [o-auto-1-exec-2] c.m.c.service.impl.EmployeeServiceImpl   : Creating employee with id [f3e8044e-9e39-4382-8f1f-ddec0768e967]
2022-02-09 01:41:56.705 DEBUG 8127 --- [o-auto-1-exec-3] c.m.c.c.ReportingStructureController     : get no.of reports request for id [123]
2022-02-09 01:41:56.705 DEBUG 8127 --- [o-auto-1-exec-3] c.m.c.s.i.ReportingStructureServiceImpl  : no.of reports with id [123]
2022-02-09 01:41:56.705 DEBUG 8127 --- [o-auto-1-exec-3] c.m.c.service.impl.EmployeeServiceImpl   : Creating employee with id [123]
]]></system-out>
  <system-err><![CDATA[]]></system-err>
</testsuite>
