<?xml version="1.0" encoding="UTF-8"?>
<testsuite name="com.mindex.challenge.service.impl.EmployeeServiceImplTest" tests="1" skipped="0" failures="0" errors="0" timestamp="2022-02-09T06:41:56" hostname="Sais-MacBook-Air.local" time="0.08">
  <properties/>
  <testcase name="testCreateReadUpdate" classname="com.mindex.challenge.service.impl.EmployeeServiceImplTest" time="0.08"/>
  <system-out><![CDATA[2022-02-09 01:41:56.909  INFO 8127 --- [    Test worker] .b.t.c.SpringBootTestContextBootstrapper : Neither @ContextConfiguration nor @ContextHierarchy found for test class [com.mindex.challenge.service.impl.EmployeeServiceImplTest], using SpringBootContextLoader
2022-02-09 01:41:56.915  INFO 8127 --- [    Test worker] o.s.t.c.support.AbstractContextLoader    : Could not detect default resource locations for test class [com.mindex.challenge.service.impl.EmployeeServiceImplTest]: no resource found for suffixes {-context.xml, Context.groovy}.
2022-02-09 01:41:56.916  INFO 8127 --- [    Test worker] t.c.s.AnnotationConfigContextLoaderUtils : Could not detect default configuration classes for test class [com.mindex.challenge.service.impl.EmployeeServiceImplTest]: EmployeeServiceImplTest does not declare any static, non-private, non-final, nested classes annotated with @Configuration.
2022-02-09 01:41:56.924  INFO 8127 --- [    Test worker] .b.t.c.SpringBootTestContextBootstrapper : Found @SpringBootConfiguration com.mindex.challenge.ChallengeApplication for test class com.mindex.challenge.service.impl.EmployeeServiceImplTest
2022-02-09 01:41:56.931  INFO 8127 --- [    Test worker] .b.t.c.SpringBootTestContextBootstrapper : Loaded default TestExecutionListener class names from location [META-INF/spring.factories]: [org.springframework.boot.test.autoconfigure.restdocs.RestDocsTestExecutionListener, org.springframework.boot.test.autoconfigure.web.client.MockRestServiceServerResetTestExecutionListener, org.springframework.boot.test.autoconfigure.web.servlet.MockMvcPrintOnlyOnFailureTestExecutionListener, org.springframework.boot.test.autoconfigure.web.servlet.WebDriverTestExecutionListener, org.springframework.boot.test.mock.mockito.MockitoTestExecutionListener, org.springframework.boot.test.mock.mockito.ResetMocksTestExecutionListener, org.springframework.test.context.web.ServletTestExecutionListener, org.springframework.test.context.support.DirtiesContextBeforeModesTestExecutionListener, org.springframework.test.context.support.DependencyInjectionTestExecutionListener, org.springframework.test.context.support.DirtiesContextTestExecutionListener, org.springframework.test.context.transaction.TransactionalTestExecutionListener, org.springframework.test.context.jdbc.SqlScriptsTestExecutionListener, org.springframework.test.context.event.EventPublishingTestExecutionListener]
2022-02-09 01:41:56.931  INFO 8127 --- [    Test worker] .b.t.c.SpringBootTestContextBootstrapper : Using TestExecutionListeners: [org.springframework.test.context.web.ServletTestExecutionListener@4aa7c76d, org.springframework.test.context.support.DirtiesContextBeforeModesTestExecutionListener@744c6090, org.springframework.boot.test.mock.mockito.MockitoTestExecutionListener@27eb47c7, org.springframework.boot.test.autoconfigure.SpringBootDependencyInjectionTestExecutionListener@910bf92, org.springframework.test.context.support.DirtiesContextTestExecutionListener@7d788d72, org.springframework.test.context.transaction.TransactionalTestExecutionListener@6a273aad, org.springframework.test.context.jdbc.SqlScriptsTestExecutionListener@170f8d51, org.springframework.test.context.event.EventPublishingTestExecutionListener@1b6f4c0d, org.springframework.boot.test.autoconfigure.restdocs.RestDocsTestExecutionListener@2245510f, org.springframework.boot.test.autoconfigure.web.client.MockRestServiceServerResetTestExecutionListener@7164e5b8, org.springframework.boot.test.autoconfigure.web.servlet.MockMvcPrintOnlyOnFailureTestExecutionListener@1a6a8bc0, org.springframework.boot.test.autoconfigure.web.servlet.WebDriverTestExecutionListener@7b84a3a4, org.springframework.boot.test.mock.mockito.ResetMocksTestExecutionListener@73c158f2]
2022-02-09 01:41:56.967 DEBUG 8127 --- [o-auto-1-exec-6] c.m.c.controller.EmployeeController      : Received employee create request for [com.mindex.challenge.data.Employee@1cd46713]
2022-02-09 01:41:56.969 DEBUG 8127 --- [o-auto-1-exec-6] c.m.c.service.impl.EmployeeServiceImpl   : Creating employee [com.mindex.challenge.data.Employee@1cd46713]
2022-02-09 01:41:56.993 DEBUG 8127 --- [o-auto-1-exec-8] c.m.c.controller.EmployeeController      : Received employee create request for id [2658acfe-c0e0-45be-aeb9-994eb3f1ed38]
2022-02-09 01:41:56.994 DEBUG 8127 --- [o-auto-1-exec-8] c.m.c.service.impl.EmployeeServiceImpl   : Creating employee with id [2658acfe-c0e0-45be-aeb9-994eb3f1ed38]
2022-02-09 01:41:57.017 DEBUG 8127 --- [o-auto-1-exec-9] c.m.c.controller.EmployeeController      : Received employee create request for id [2658acfe-c0e0-45be-aeb9-994eb3f1ed38] and employee [com.mindex.challenge.data.Employee@524b18f4]
2022-02-09 01:41:57.018 DEBUG 8127 --- [o-auto-1-exec-9] c.m.c.service.impl.EmployeeServiceImpl   : Updating employee [com.mindex.challenge.data.Employee@524b18f4]
]]></system-out>
  <system-err><![CDATA[]]></system-err>
</testsuite>
