<?xml version="1.0" encoding="UTF-8"?>
<testsuite name="com.mindex.challenge.service.impl.CompensationServiceImplTest" tests="1" skipped="0" failures="0" errors="0" timestamp="2022-02-09T06:41:56" hostname="Sais-MacBook-Air.local" time="0.125">
  <properties/>
  <testcase name="testReportingStructureCreateRead" classname="com.mindex.challenge.service.impl.CompensationServiceImplTest" time="0.125"/>
  <system-out><![CDATA[2022-02-09 01:41:56.723  INFO 8127 --- [    Test worker] .b.t.c.SpringBootTestContextBootstrapper : Neither @ContextConfiguration nor @ContextHierarchy found for test class [com.mindex.challenge.service.impl.CompensationServiceImplTest], using SpringBootContextLoader
2022-02-09 01:41:56.726  INFO 8127 --- [    Test worker] o.s.t.c.support.AbstractContextLoader    : Could not detect default resource locations for test class [com.mindex.challenge.service.impl.CompensationServiceImplTest]: no resource found for suffixes {-context.xml, Context.groovy}.
2022-02-09 01:41:56.727  INFO 8127 --- [    Test worker] t.c.s.AnnotationConfigContextLoaderUtils : Could not detect default configuration classes for test class [com.mindex.challenge.service.impl.CompensationServiceImplTest]: CompensationServiceImplTest does not declare any static, non-private, non-final, nested classes annotated with @Configuration.
2022-02-09 01:41:56.744  INFO 8127 --- [    Test worker] .b.t.c.SpringBootTestContextBootstrapper : Found @SpringBootConfiguration com.mindex.challenge.ChallengeApplication for test class com.mindex.challenge.service.impl.CompensationServiceImplTest
2022-02-09 01:41:56.752  INFO 8127 --- [    Test worker] .b.t.c.SpringBootTestContextBootstrapper : Loaded default TestExecutionListener class names from location [META-INF/spring.factories]: [org.springframework.boot.test.autoconfigure.restdocs.RestDocsTestExecutionListener, org.springframework.boot.test.autoconfigure.web.client.MockRestServiceServerResetTestExecutionListener, org.springframework.boot.test.autoconfigure.web.servlet.MockMvcPrintOnlyOnFailureTestExecutionListener, org.springframework.boot.test.autoconfigure.web.servlet.WebDriverTestExecutionListener, org.springframework.boot.test.mock.mockito.MockitoTestExecutionListener, org.springframework.boot.test.mock.mockito.ResetMocksTestExecutionListener, org.springframework.test.context.web.ServletTestExecutionListener, org.springframework.test.context.support.DirtiesContextBeforeModesTestExecutionListener, org.springframework.test.context.support.DependencyInjectionTestExecutionListener, org.springframework.test.context.support.DirtiesContextTestExecutionListener, org.springframework.test.context.transaction.TransactionalTestExecutionListener, org.springframework.test.context.jdbc.SqlScriptsTestExecutionListener, org.springframework.test.context.event.EventPublishingTestExecutionListener]
2022-02-09 01:41:56.753  INFO 8127 --- [    Test worker] .b.t.c.SpringBootTestContextBootstrapper : Using TestExecutionListeners: [org.springframework.test.context.web.ServletTestExecutionListener@52490553, org.springframework.test.context.support.DirtiesContextBeforeModesTestExecutionListener@2d072b1b, org.springframework.boot.test.mock.mockito.MockitoTestExecutionListener@308a3974, org.springframework.boot.test.autoconfigure.SpringBootDependencyInjectionTestExecutionListener@13dc2e15, org.springframework.test.context.support.DirtiesContextTestExecutionListener@9a5c2a0, org.springframework.test.context.transaction.TransactionalTestExecutionListener@1d6e7f7c, org.springframework.test.context.jdbc.SqlScriptsTestExecutionListener@7c4ea43c, org.springframework.test.context.event.EventPublishingTestExecutionListener@e908126, org.springframework.boot.test.autoconfigure.restdocs.RestDocsTestExecutionListener@2987f296, org.springframework.boot.test.autoconfigure.web.client.MockRestServiceServerResetTestExecutionListener@477ced45, org.springframework.boot.test.autoconfigure.web.servlet.MockMvcPrintOnlyOnFailureTestExecutionListener@4e1aded2, org.springframework.boot.test.autoconfigure.web.servlet.WebDriverTestExecutionListener@4409ef86, org.springframework.boot.test.mock.mockito.ResetMocksTestExecutionListener@528cb6d3]
2022-02-09 01:41:56.802 DEBUG 8127 --- [o-auto-1-exec-4] c.m.c.controller.CompensationController  : Received compensation create request for [com.mindex.challenge.data.Compensation@6b192052]
2022-02-09 01:41:56.803 DEBUG 8127 --- [o-auto-1-exec-4] c.m.c.s.impl.CompensationServiceImpl     : Creating compensation: [com.mindex.challenge.data.Compensation@6b192052]
2022-02-09 01:41:56.835  INFO 8127 --- [-server-worker2] d.b.mongo.backend.AbstractMongoDatabase  : adding unique _id index for collection compensation
2022-02-09 01:41:56.835  INFO 8127 --- [-server-worker2] d.b.mongo.backend.AbstractMongoDatabase  : created collection test.compensation
2022-02-09 01:41:56.856 DEBUG 8127 --- [o-auto-1-exec-5] c.m.c.controller.CompensationController  : Received compensation read request for employeeId [b7839309-3348-463b-a7e3-5de1c168beb3]
2022-02-09 01:41:56.857 DEBUG 8127 --- [o-auto-1-exec-5] c.m.c.s.impl.CompensationServiceImpl     : Reading compensation with employeeId: [b7839309-3348-463b-a7e3-5de1c168beb3]
2022-02-09 01:41:56.857 DEBUG 8127 --- [o-auto-1-exec-5] c.m.c.service.impl.EmployeeServiceImpl   : Creating employee with id [b7839309-3348-463b-a7e3-5de1c168beb3]
]]></system-out>
  <system-err><![CDATA[]]></system-err>
</testsuite>
