<?xml version="1.0" encoding="UTF-8"?>
<testsuite name="com.mindex.challenge.ChallengeApplicationTests" tests="1" skipped="0" failures="0" errors="0" timestamp="2022-02-09T06:41:57" hostname="Sais-MacBook-Air.local" time="0.001">
  <properties/>
  <testcase name="contextLoads" classname="com.mindex.challenge.ChallengeApplicationTests" time="0.001"/>
  <system-out><![CDATA[2022-02-09 01:41:57.037  INFO 8127 --- [    Test worker] .b.t.c.SpringBootTestContextBootstrapper : Neither @ContextConfiguration nor @ContextHierarchy found for test class [com.mindex.challenge.ChallengeApplicationTests], using SpringBootContextLoader
2022-02-09 01:41:57.038  INFO 8127 --- [    Test worker] o.s.t.c.support.AbstractContextLoader    : Could not detect default resource locations for test class [com.mindex.challenge.ChallengeApplicationTests]: no resource found for suffixes {-context.xml, Context.groovy}.
2022-02-09 01:41:57.039  INFO 8127 --- [    Test worker] t.c.s.AnnotationConfigContextLoaderUtils : Could not detect default configuration classes for test class [com.mindex.challenge.ChallengeApplicationTests]: ChallengeApplicationTests does not declare any static, non-private, non-final, nested classes annotated with @Configuration.
2022-02-09 01:41:57.042  INFO 8127 --- [    Test worker] .b.t.c.SpringBootTestContextBootstrapper : Found @SpringBootConfiguration com.mindex.challenge.ChallengeApplication for test class com.mindex.challenge.ChallengeApplicationTests
2022-02-09 01:41:57.046  INFO 8127 --- [    Test worker] .b.t.c.SpringBootTestContextBootstrapper : Loaded default TestExecutionListener class names from location [META-INF/spring.factories]: [org.springframework.boot.test.autoconfigure.restdocs.RestDocsTestExecutionListener, org.springframework.boot.test.autoconfigure.web.client.MockRestServiceServerResetTestExecutionListener, org.springframework.boot.test.autoconfigure.web.servlet.MockMvcPrintOnlyOnFailureTestExecutionListener, org.springframework.boot.test.autoconfigure.web.servlet.WebDriverTestExecutionListener, org.springframework.boot.test.mock.mockito.MockitoTestExecutionListener, org.springframework.boot.test.mock.mockito.ResetMocksTestExecutionListener, org.springframework.test.context.web.ServletTestExecutionListener, org.springframework.test.context.support.DirtiesContextBeforeModesTestExecutionListener, org.springframework.test.context.support.DependencyInjectionTestExecutionListener, org.springframework.test.context.support.DirtiesContextTestExecutionListener, org.springframework.test.context.transaction.TransactionalTestExecutionListener, org.springframework.test.context.jdbc.SqlScriptsTestExecutionListener, org.springframework.test.context.event.EventPublishingTestExecutionListener]
2022-02-09 01:41:57.046  INFO 8127 --- [    Test worker] .b.t.c.SpringBootTestContextBootstrapper : Using TestExecutionListeners: [org.springframework.test.context.web.ServletTestExecutionListener@48d92d4e, org.springframework.test.context.support.DirtiesContextBeforeModesTestExecutionListener@6c4b3604, org.springframework.boot.test.mock.mockito.MockitoTestExecutionListener@330c1177, org.springframework.boot.test.autoconfigure.SpringBootDependencyInjectionTestExecutionListener@2401a80f, org.springframework.test.context.support.DirtiesContextTestExecutionListener@2533429c, org.springframework.test.context.transaction.TransactionalTestExecutionListener@10fdbb28, org.springframework.test.context.jdbc.SqlScriptsTestExecutionListener@43a987e9, org.springframework.test.context.event.EventPublishingTestExecutionListener@6ac11e43, org.springframework.boot.test.autoconfigure.restdocs.RestDocsTestExecutionListener@55d99625, org.springframework.boot.test.autoconfigure.web.client.MockRestServiceServerResetTestExecutionListener@2880434d, org.springframework.boot.test.autoconfigure.web.servlet.MockMvcPrintOnlyOnFailureTestExecutionListener@27191f7b, org.springframework.boot.test.autoconfigure.web.servlet.WebDriverTestExecutionListener@45482edd, org.springframework.boot.test.mock.mockito.ResetMocksTestExecutionListener@5cb9f0ef]
]]></system-out>
  <system-err><![CDATA[]]></system-err>
</testsuite>
